<?xml version="1.0" encoding="UTF-8"?>
<coverage generated="1660490391941" clover="3.2.0">
  <project timestamp="1660490391941" name="All files">
    <metrics statements="13" coveredstatements="12" conditionals="11" coveredconditionals="9" methods="10" coveredmethods="10" elements="34" coveredelements="31" complexity="0" loc="13" ncloc="13" packages="1" files="4" classes="4"/>
    <file name="get.js" path="D:\web\Projects\jestp\src\get.js">
      <metrics statements="1" coveredstatements="1" conditionals="3" coveredconditionals="3" methods="1" coveredmethods="1"/>
      <line num="2" count="6" type="cond" truecount="2" falsecount="0"/>
    </file>
    <file name="index.js" path="D:\web\Projects\jestp\src\index.js">
      <metrics statements="10" coveredstatements="9" conditionals="6" coveredconditionals="4" methods="7" coveredmethods="7"/>
      <line num="2" count="1" type="stmt"/>
      <line num="5" count="3" type="stmt"/>
      <line num="6" count="3" type="cond" truecount="1" falsecount="1"/>
      <line num="7" count="3" type="stmt"/>
      <line num="8" count="3" type="cond" truecount="3" falsecount="1"/>
      <line num="9" count="0" type="stmt"/>
      <line num="11" count="3" type="stmt"/>
      <line num="12" count="3" type="stmt"/>
      <line num="17" count="2" type="stmt"/>
      <line num="20" count="5" type="stmt"/>
    </file>
    <file name="indexOf.js" path="D:\web\Projects\jestp\src\indexOf.js">
      <metrics statements="1" coveredstatements="1" conditionals="0" coveredconditionals="0" methods="1" coveredmethods="1"/>
      <line num="2" count="3" type="stmt"/>
    </file>
    <file name="slice.js" path="D:\web\Projects\jestp\src\slice.js">
      <metrics statements="1" coveredstatements="1" conditionals="2" coveredconditionals="2" methods="1" coveredmethods="1"/>
      <line num="2" count="4" type="stmt"/>
    </file>
  </project>
</coverage>
