{"D:\\web\\Projects\\jestp\\src\\get.js": {"path":"D:\\web\\Projects\\jestp\\src\\get.js","statementMap":{"0":{"start":{"line":2,"column":4},"end":{"line":2,"column":50}}},"fnMap":{"0":{"name":"get","decl":{"start":{"line":1,"column":24},"end":{"line":1,"column":27}},"loc":{"start":{"line":1,"column":61},"end":{"line":3,"column":1}},"line":1}},"branchMap":{"0":{"loc":{"start":{"line":1,"column":40},"end":{"line":1,"column":59}},"type":"default-arg","locations":[{"start":{"line":1,"column":55},"end":{"line":1,"column":59}}],"line":1},"1":{"loc":{"start":{"line":2,"column":11},"end":{"line":2,"column":49}},"type":"cond-expr","locations":[{"start":{"line":2,"column":24},"end":{"line":2,"column":34}},{"start":{"line":2,"column":37},"end":{"line":2,"column":49}}],"line":2}},"s":{"0":6},"f":{"0":6},"b":{"0":[4],"1":[2,4]},"_coverageSchema":"1a1c01bbd47fc00a2c39e90264f33305004495a9","hash":"f2a418b5fbb7f189713d985a3f35d0f188e6b1de"}
,"D:\\web\\Projects\\jestp\\src\\index.js": {"path":"D:\\web\\Projects\\jestp\\src\\index.js","statementMap":{"0":{"start":{"line":2,"column":4},"end":{"line":22,"column":5}},"1":{"start":{"line":5,"column":26},"end":{"line":5,"column":36}},"2":{"start":{"line":6,"column":12},"end":{"line":14,"column":13}},"3":{"start":{"line":7,"column":30},"end":{"line":7,"column":72}},"4":{"start":{"line":7,"column":51},"end":{"line":7,"column":71}},"5":{"start":{"line":8,"column":16},"end":{"line":13,"column":17}},"6":{"start":{"line":9,"column":20},"end":{"line":9,"column":48}},"7":{"start":{"line":11,"column":20},"end":{"line":11,"column":39}},"8":{"start":{"line":12,"column":20},"end":{"line":12,"column":37}},"9":{"start":{"line":17,"column":12},"end":{"line":17,"column":30}},"10":{"start":{"line":20,"column":12},"end":{"line":20,"column":112}},"11":{"start":{"line":20,"column":42},"end":{"line":20,"column":65}},"12":{"start":{"line":20,"column":93},"end":{"line":20,"column":107}}},"fnMap":{"0":{"name":"makeCart","decl":{"start":{"line":1,"column":24},"end":{"line":1,"column":32}},"loc":{"start":{"line":1,"column":35},"end":{"line":23,"column":1}},"line":1},"1":{"name":"(anonymous_1)","decl":{"start":{"line":4,"column":17},"end":{"line":4,"column":18}},"loc":{"start":{"line":4,"column":39},"end":{"line":15,"column":9}},"line":4},"2":{"name":"(anonymous_2)","decl":{"start":{"line":7,"column":46},"end":{"line":7,"column":47}},"loc":{"start":{"line":7,"column":51},"end":{"line":7,"column":71}},"line":7},"3":{"name":"(anonymous_3)","decl":{"start":{"line":16,"column":18},"end":{"line":16,"column":19}},"loc":{"start":{"line":16,"column":29},"end":{"line":18,"column":9}},"line":16},"4":{"name":"(anonymous_4)","decl":{"start":{"line":19,"column":17},"end":{"line":19,"column":18}},"loc":{"start":{"line":19,"column":28},"end":{"line":21,"column":9}},"line":19},"5":{"name":"(anonymous_5)","decl":{"start":{"line":20,"column":34},"end":{"line":20,"column":35}},"loc":{"start":{"line":20,"column":42},"end":{"line":20,"column":65}},"line":20},"6":{"name":"(anonymous_6)","decl":{"start":{"line":20,"column":74},"end":{"line":20,"column":75}},"loc":{"start":{"line":20,"column":93},"end":{"line":20,"column":107}},"line":20}},"branchMap":{"0":{"loc":{"start":{"line":6,"column":12},"end":{"line":14,"column":13}},"type":"if","locations":[{"start":{"line":6,"column":12},"end":{"line":14,"column":13}},{"start":{},"end":{}}],"line":6},"1":{"loc":{"start":{"line":8,"column":16},"end":{"line":13,"column":17}},"type":"if","locations":[{"start":{"line":8,"column":16},"end":{"line":13,"column":17}},{"start":{"line":10,"column":23},"end":{"line":13,"column":17}}],"line":8},"2":{"loc":{"start":{"line":8,"column":20},"end":{"line":8,"column":49}},"type":"binary-expr","locations":[{"start":{"line":8,"column":20},"end":{"line":8,"column":36}},{"start":{"line":8,"column":40},"end":{"line":8,"column":49}}],"line":8}},"s":{"0":1,"1":3,"2":3,"3":3,"4":3,"5":3,"6":0,"7":3,"8":3,"9":2,"10":2,"11":5,"12":5},"f":{"0":1,"1":3,"2":3,"3":2,"4":2,"5":5,"6":5},"b":{"0":[3,0],"1":[0,3],"2":[3,2]},"_coverageSchema":"1a1c01bbd47fc00a2c39e90264f33305004495a9","hash":"df7a9cf8c95bd415e92f97b5107dd1ac33fcc25f"}
,"D:\\web\\Projects\\jestp\\src\\indexOf.js": {"path":"D:\\web\\Projects\\jestp\\src\\indexOf.js","statementMap":{"0":{"start":{"line":2,"column":4},"end":{"line":2,"column":41}}},"fnMap":{"0":{"name":"indexOf","decl":{"start":{"line":1,"column":24},"end":{"line":1,"column":31}},"loc":{"start":{"line":1,"column":55},"end":{"line":3,"column":1}},"line":1}},"branchMap":{},"s":{"0":3},"f":{"0":3},"b":{},"_coverageSchema":"1a1c01bbd47fc00a2c39e90264f33305004495a9","hash":"9230fd533d36288400a491ceb71ce3551848cd42"}
,"D:\\web\\Projects\\jestp\\src\\slice.js": {"path":"D:\\web\\Projects\\jestp\\src\\slice.js","statementMap":{"0":{"start":{"line":2,"column":4},"end":{"line":2,"column":33}}},"fnMap":{"0":{"name":"slice","decl":{"start":{"line":1,"column":24},"end":{"line":1,"column":29}},"loc":{"start":{"line":1,"column":62},"end":{"line":3,"column":1}},"line":1}},"branchMap":{"0":{"loc":{"start":{"line":1,"column":35},"end":{"line":1,"column":44}},"type":"default-arg","locations":[{"start":{"line":1,"column":43},"end":{"line":1,"column":44}}],"line":1},"1":{"loc":{"start":{"line":1,"column":46},"end":{"line":1,"column":60}},"type":"default-arg","locations":[{"start":{"line":1,"column":52},"end":{"line":1,"column":60}}],"line":1}},"s":{"0":4},"f":{"0":4},"b":{"0":[1],"1":[2]},"_coverageSchema":"1a1c01bbd47fc00a2c39e90264f33305004495a9","hash":"7b161e9119931237f70186db4ede8f9e2a4efa0b"}
}
