TN:
SF:src\get.js
FN:1,get
FNF:1
FNH:1
FNDA:6,get
DA:2,6
LF:1
LH:1
BRDA:1,0,0,4
BRDA:2,1,0,2
BRDA:2,1,1,4
BRF:3
BRH:3
end_of_record
TN:
SF:src\index.js
FN:1,makeCart
FN:4,(anonymous_1)
FN:7,(anonymous_2)
FN:16,(anonymous_3)
FN:19,(anonymous_4)
FN:20,(anonymous_5)
FN:20,(anonymous_6)
FNF:7
FNH:7
FNDA:1,makeCart
FNDA:3,(anonymous_1)
FNDA:3,(anonymous_2)
FNDA:2,(anonymous_3)
FNDA:2,(anonymous_4)
FNDA:5,(anonymous_5)
FNDA:5,(anonymous_6)
DA:2,1
DA:5,3
DA:6,3
DA:7,3
DA:8,3
DA:9,0
DA:11,3
DA:12,3
DA:17,2
DA:20,5
LF:10
LH:9
BRDA:6,0,0,3
BRDA:6,0,1,0
BRDA:8,1,0,0
BRDA:8,1,1,3
BRDA:8,2,0,3
BRDA:8,2,1,2
BRF:6
BRH:4
end_of_record
TN:
SF:src\indexOf.js
FN:1,indexOf
FNF:1
FNH:1
FNDA:3,indexOf
DA:2,3
LF:1
LH:1
BRF:0
BRH:0
end_of_record
TN:
SF:src\slice.js
FN:1,slice
FNF:1
FNH:1
FNDA:4,slice
DA:2,4
LF:1
LH:1
BRDA:1,0,0,1
BRDA:1,1,0,2
BRF:2
BRH:2
end_of_record
